<?xml version="1.0" encoding="UTF-8"?>
<testsuite xmlns:xsi="http://www.w3.org/2001/XMLSchema-instance" xsi:noNamespaceSchemaLocation="https://maven.apache.org/surefire/maven-surefire-plugin/xsd/surefire-test-report.xsd" version="3.0.2" name="com.pruebas.CucumberTest" time="8.712" tests="3" errors="0" skipped="0" failures="0">
  <properties>
[...]
</properties>
  <testcase name="Agregar una nueva tarea a la lista" classname="Gestor de Tareas - Pulse Gym" time="1.406">
    <system-out><![CDATA[
Escenario: Agregar una nueva tarea a la lista                                         &amp#27;[90m# src/test/resources/features/tasks.feature:4&amp#27;[0m
  &amp#27;[32mDado &amp#27;[0m&amp#27;[32mque el usuario navega a la aplicación de tareas en Selenium&amp#27;[0m                    &amp#27;[90m# com.pruebas.steps.TaskSteps.navegarAApp()&amp#27;[0m
  &amp#27;[32mCuando &amp#27;[0m&amp#27;[32mescribe la tarea &amp#27;[0m&amp#27;[32m&amp#27;[1m"Probar Cucumber con Selenium en Java"&amp#27;[0m&amp#27;[32m en el campo&amp#27;[0m          &amp#27;[90m# com.pruebas.steps.TaskSteps.escribirTarea(java.lang.String)&amp#27;[0m
  &amp#27;[32mY &amp#27;[0m&amp#27;[32mhace clic en el botón de agregar tarea&amp#27;[0m                                            &amp#27;[90m# com.pruebas.steps.TaskSteps.clicAgregar()&amp#27;[0m
  &amp#27;[32mEntonces &amp#27;[0m&amp#27;[32mla tarea &amp#27;[0m&amp#27;[32m&amp#27;[1m"Probar Cucumber con Selenium en Java"&amp#27;[0m&amp#27;[32m debe mostrarse en la lista&amp#27;[0m &amp#27;[90m# com.pruebas.steps.TaskSteps.verificarTareaAgregada(java.lang.String)&amp#27;[0m
]]></system-out>
    <system-err><![CDATA[SLF4J: No SLF4J providers were found.
SLF4J: Defaulting to no-operation (NOP) logger implementation
SLF4J: See https://www.slf4j.org/codes.html#noProviders for further details.
sept 12, 2026 9:36:40 P. M. org.openqa.selenium.devtools.CdpVersionFinder findNearestMatch
WARNING: Unable to find CDP implementation matching 152
sept 12, 2026 9:36:40 P. M. org.openqa.selenium.chromium.ChromiumDriver lambda$new$5
WARNING: Unable to find version of CDP to use for 152.0.7977.83. You may need to include a dependency on a specific version of the CDP using something similar to `org.seleniumhq.selenium:selenium-devtools-v86:4.15.0` where the version ("v86") matches the version of the chromium-based browser you're using and the version number of the artifact is the same as Selenium's.
]]></system-err>
  </testcase>
  <testcase name="Marcar una tarea como completada" classname="Gestor de Tareas - Pulse Gym" time="1.068">
    <system-out><![CDATA[
Escenario: Marcar una tarea como completada                                             &amp#27;[90m# src/test/resources/features/tasks.feature:10&amp#27;[0m
  &amp#27;[32mDado &amp#27;[0m&amp#27;[32mque el usuario navega a la aplicación de tareas en Selenium&amp#27;[0m                      &amp#27;[90m# com.pruebas.steps.TaskSteps.navegarAApp()&amp#27;[0m
  &amp#27;[32mCuando &amp#27;[0m&amp#27;[32mhace clic sobre la tarea &amp#27;[0m&amp#27;[32m&amp#27;[1m"Aprender automatización con Cypress"&amp#27;[0m                 &amp#27;[90m# com.pruebas.steps.TaskSteps.hacerClicEnTarea(java.lang.String)&amp#27;[0m
  &amp#27;[32mEntonces &amp#27;[0m&amp#27;[32mla tarea &amp#27;[0m&amp#27;[32m&amp#27;[1m"Aprender automatización con Cypress"&amp#27;[0m&amp#27;[32m debe marcarse como completada&amp#27;[0m &amp#27;[90m# com.pruebas.steps.TaskSteps.verificarTareaCompletada(java.lang.String)&amp#27;[0m
]]></system-out>
    <system-err><![CDATA[sept 12, 2026 9:36:41 P. M. org.openqa.selenium.devtools.CdpVersionFinder findNearestMatch
WARNING: Unable to find CDP implementation matching 152
sept 12, 2026 9:36:41 P. M. org.openqa.selenium.chromium.ChromiumDriver lambda$new$5
WARNING: Unable to find version of CDP to use for 152.0.7977.83. You may need to include a dependency on a specific version of the CDP using something similar to `org.seleniumhq.selenium:selenium-devtools-v86:4.15.0` where the version ("v86") matches the version of the chromium-based browser you're using and the version number of the artifact is the same as Selenium's.
]]></system-err>
  </testcase>
  <testcase name="Eliminar una tarea de la lista" classname="Gestor de Tareas - Pulse Gym" time="6.036">
    <system-out><![CDATA[
Escenario: Eliminar una tarea de la lista                             &amp#27;[90m# src/test/resources/features/tasks.feature:15&amp#27;[0m
  &amp#27;[32mDado &amp#27;[0m&amp#27;[32mque el usuario navega a la aplicación de tareas en Selenium&amp#27;[0m    &amp#27;[90m# com.pruebas.steps.TaskSteps.navegarAApp()&amp#27;[0m
  &amp#27;[32mCuando &amp#27;[0m&amp#27;[32melimina la tarea &amp#27;[0m&amp#27;[32m&amp#27;[1m"Estudiar Angular 17"&amp#27;[0m                       &amp#27;[90m# com.pruebas.steps.TaskSteps.eliminarTarea(java.lang.String)&amp#27;[0m
  &amp#27;[32mEntonces &amp#27;[0m&amp#27;[32mla tarea &amp#27;[0m&amp#27;[32m&amp#27;[1m"Estudiar Angular 17"&amp#27;[0m&amp#27;[32m no debe existir en la lista&amp#27;[0m &amp#27;[90m# com.pruebas.steps.TaskSteps.verificarTareaEliminada(java.lang.String)&amp#27;[0m
]]></system-out>
    <system-err><![CDATA[sept 12, 2026 9:36:42 P. M. org.openqa.selenium.devtools.CdpVersionFinder findNearestMatch
WARNING: Unable to find CDP implementation matching 152
sept 12, 2026 9:36:42 P. M. org.openqa.selenium.chromium.ChromiumDriver lambda$new$5
WARNING: Unable to find version of CDP to use for 152.0.7977.83. You may need to include a dependency on a specific version of the CDP using something similar to `org.seleniumhq.selenium:selenium-devtools-v86:4.15.0` where the version ("v86") matches the version of the chromium-based browser you're using and the version number of the artifact is the same as Selenium's.
]]></system-err>
  </testcase>
</testsuite>